C51 COMPILER V9.56.0.0   MAIN                                                              02/27/2022 16:47:46 PAGE 1   


C51 COMPILER V9.56.0.0, COMPILATION OF MODULE MAIN
OBJECT MODULE PLACED IN .\Objects\main.obj
COMPILER INVOKED BY: C:\Keil_v5\C51\BIN\C51.EXE main.c OPTIMIZE(8,SPEED) BROWSE DEBUG OBJECTEXTEND PRINT(.\Listings\main
                    -.lst) TABS(2) OBJECT(.\Objects\main.obj)

line level    source

   1          #include <STC12C5A60S2.H>
   2          #include "iic.h"
   3          #include "intrins.h"
   4          #define u8 unsigned char
   5          u8 code duanma[]={0xc0,0xf9,0xa4,0xb0,0x99,0x92,0x82,0xf8,0x80,0x90,0xbf,0xff};
   6          u8 dis_smg[8];
   7          u8 temp;
   8          bit flag=0;
   9          sbit buzz=P0^6;
  10          sbit relay=P0^4;
  11          void Delay500ms()   //@11.0592MHz
  12          {
  13   1        unsigned char i, j, k;
  14   1      
  15   1        _nop_();
  16   1        _nop_();
  17   1        i = 22;
  18   1        j = 3;
  19   1        k = 227;
  20   1        do
  21   1        {
  22   2          do
  23   2          {
  24   3            while (--k);
  25   3          } while (--j);
  26   2        } while (--i);
  27   1      }
  28          
  29          void Timer0Init(void)   //1??@11.0592MHz
  30          {
  31   1        AUXR |= 0x80;   //?????1T??
  32   1        TMOD &= 0xF0;   //???????
  33   1        TL0 = 0xCD;   //??????
  34   1        TH0 = 0xD4;   //??????
  35   1        TF0 = 0;    //??TF0??
  36   1        TR0 = 1;    //???0????
  37   1        
  38   1        ET0=1;
  39   1        
  40   1      }
  41          
  42          void main()
  43          {
  44   1        P2=0xa0;P0=0x00;P2=0x00;
  45   1        P2=0x80;P0=0xff;P2=0x00;
  46   1        Timer0Init();
  47   1        write_adc(0x03);
  48   1        dis_smg[0]=11;dis_smg[1]=11;dis_smg[2]=11;dis_smg[3]=11;dis_smg[4]=11;
  49   1        while(1)
  50   1        {
  51   2          EA=0;
  52   2          temp=(unsigned char)read_adc(0x03);
  53   2          EA=1;
  54   2          dis_smg[5]=temp/100;
C51 COMPILER V9.56.0.0   MAIN                                                              02/27/2022 16:47:46 PAGE 2   

  55   2          dis_smg[6]=temp/10%10;
  56   2          dis_smg[7]=temp%10;
  57   2              if(temp<100)
  58   2            {
  59   3              P2=0Xa0;buzz=1;relay=0;P2=0x00;
  60   3              P2=0X80;P0=~0x00;P2=0x00;
  61   3            }
  62   2            else if(temp<200)
  63   2            {
  64   3              P2=0Xa0;buzz=0;relay=0;P2=0x00;
  65   3              P2=0X80;P0=~0x01;P2=0x00;
  66   3            }
  67   2            if(temp>200)
  68   2            {
  69   3                P2=0Xa0;buzz=0;relay=0;P2=0x00;
  70   3                P2=0X80;P0=~0x02;P2=0x00;
  71   3                Delay500ms();
  72   3                P2=0X80;P0=~0x00;P2=0x00; 
  73   3                Delay500ms();
  74   3            }
  75   2        }
  76   1      }
  77          
  78          void timer0() interrupt 1 using 1
  79          {
  80   1        static unsigned char count=0,i=0;
  81   1        count++;
  82   1        if(count==1)
  83   1        {
  84   2          count=0;
  85   2          P2=0Xc0;P0=0x00;P2=0x00;
  86   2          P2=0Xc0;P0=0x01<<i;P2=0x00;
  87   2          P2=0Xe0;P0=duanma[dis_smg[i]];P2=0x00;
  88   2          i++;
  89   2          if(i==8)i=0;
  90   2        }
  91   1        
  92   1        
  93   1      }


MODULE INFORMATION:   STATIC OVERLAYABLE
   CODE SIZE        =    293    ----
   CONSTANT SIZE    =     12    ----
   XDATA SIZE       =   ----    ----
   PDATA SIZE       =   ----    ----
   DATA SIZE        =     11    ----
   IDATA SIZE       =   ----    ----
   BIT SIZE         =      1    ----
END OF MODULE INFORMATION.


C51 COMPILATION COMPLETE.  0 WARNING(S),  0 ERROR(S)
