C51 COMPILER V9.56.0.0   MAIN                                                              02/27/2022 16:54:09 PAGE 1   


C51 COMPILER V9.56.0.0, COMPILATION OF MODULE MAIN
OBJECT MODULE PLACED IN .\Objects\main.obj
COMPILER INVOKED BY: C:\Keil_v5\C51\BIN\C51.EXE main.c OPTIMIZE(8,SPEED) BROWSE DEBUG OBJECTEXTEND PRINT(.\Listings\main
                    -.lst) TABS(2) OBJECT(.\Objects\main.obj)

line level    source

   1          #include <STC15F2K60S2.H>
   2          #include "iic.h"
   3          #include "onewire.h"
   4          #define u8 unsigned char
   5          u8 code duanma[]={0xc0,0xf9,0xa4,0xb0,0x99,0x92,0x82,0xf8,0x80,0x90,0xbf,0xff};
   6          u8 dis_smg[8];
   7          u8 temp;
   8          void Timer0Init(void)   //1??@11.0592MHz
   9          {
  10   1        AUXR |= 0x80;   //?????1T??
  11   1        TMOD &= 0xF0;   //???????
  12   1        TL0 = 0xCD;   //??????
  13   1        TH0 = 0xD4;   //??????
  14   1        TF0 = 0;    //??TF0??
  15   1        TR0 = 1;    //???0????
  16   1        
  17   1        EA=1;
  18   1        ET0=1;
  19   1      }
  20          
  21          void run()
  22          {
  23   1        if(temp<20)
  24   1        {
  25   2          dis_smg[0]=10;
  26   2          dis_smg[2]=10;
  27   2          dis_smg[1]=1;
  28   2          dac_out(0);
  29   2        }
  30   1        else if(temp<23)
  31   1        {
  32   2          dis_smg[0]=11;
  33   2          dis_smg[2]=11;
  34   2          dis_smg[1]=11;
  35   2        }
  36   1        else
  37   1        {
  38   2          dis_smg[0]=10;
  39   2          dis_smg[2]=10;
  40   2          dis_smg[1]=2;
  41   2          dac_out(255);
  42   2        }
  43   1      }
  44          
  45          
  46          
  47          void main()
  48          {
  49   1        P2=0xa0;P0=0x00;P2=0x00;
  50   1        P2=0x80;P0=0xff;P2=0x00;
  51   1        Timer0Init();
  52   1        dis_smg[0]=11;dis_smg[1]=11;dis_smg[2]=11;dis_smg[3]=11;dis_smg[4]=11;dis_smg[5]=11;
  53   1        while(1)
  54   1        {
C51 COMPILER V9.56.0.0   MAIN                                                              02/27/2022 16:54:09 PAGE 2   

  55   2          temp=(unsigned char)read_temperature();
  56   2          dis_smg[6]=temp/10;
  57   2          dis_smg[7]=temp%10;
  58   2          run();
  59   2        }
  60   1        
  61   1      }
  62          
  63          
  64          void timer0() interrupt 1 using 1
  65          {
  66   1        static unsigned char count=0,i=0;
  67   1        count++;
  68   1        if(count==1)
  69   1        {
  70   2          count=0;
  71   2          P2=0Xc0;P0=0x00;P2=0x00;
  72   2          P2=0Xc0;P0=0x01<<i;P2=0x00;
  73   2          P2=0Xe0;P0=duanma[dis_smg[i]];P2=0x00;
  74   2          i++;
  75   2          if(i==8)i=0;
  76   2        }
  77   1      }


MODULE INFORMATION:   STATIC OVERLAYABLE
   CODE SIZE        =    225    ----
   CONSTANT SIZE    =     12    ----
   XDATA SIZE       =   ----    ----
   PDATA SIZE       =   ----    ----
   DATA SIZE        =     11    ----
   IDATA SIZE       =   ----    ----
   BIT SIZE         =   ----    ----
END OF MODULE INFORMATION.


C51 COMPILATION COMPLETE.  0 WARNING(S),  0 ERROR(S)
