C51 COMPILER V9.56.0.0   MAIN                                                              02/27/2022 14:56:35 PAGE 1   


C51 COMPILER V9.56.0.0, COMPILATION OF MODULE MAIN
OBJECT MODULE PLACED IN .\Objects\main.obj
COMPILER INVOKED BY: C:\Keil_v5\C51\BIN\C51.EXE main.c OPTIMIZE(8,SPEED) BROWSE DEBUG OBJECTEXTEND PRINT(.\Listings\main
                    -.lst) TABS(2) OBJECT(.\Objects\main.obj)

line level    source

   1          #include <STC15F2K60S2.H>
   2          #define u8 unsigned char
   3          
   4          u8 TAB[]={0x18,0x24,0x42,0x81,0x18,0x24,0x42,0x81};
   5          
   6          void Timer0Init(void)   //5??@12.000MHz
   7          {
   8   1        AUXR |= 0x80;   //?????1T??
   9   1        TMOD &= 0xF0;   //???????
  10   1        TL0 = 0xA0;   //??????
  11   1        TH0 = 0x15;   //??????
  12   1        TF0 = 0;    //??TF0??
  13   1        TR0 = 1;    //???0????
  14   1        ET0=1;
  15   1        EA=1;
  16   1      }
  17          
  18          
  19          void main()
  20          {
  21   1        Timer0Init();
  22   1        while(1)
  23   1        {
  24   2          
  25   2        }
  26   1      }
  27          
  28          void timer0() interrupt 1 using 1
  29          {
  30   1        static unsigned char count=0,i=0;
  31   1        count++;
  32   1        if(count==100)
  33   1        {
  34   2          count=0;
  35   2          P2=0X00;P0=0X00;P2=0X00;
  36   2          P2=0X80;P0=~TAB[i];P2=0x00;
  37   2          i++;
  38   2          if(i==8)i=0;
  39   2        }
  40   1      }


MODULE INFORMATION:   STATIC OVERLAYABLE
   CODE SIZE        =     79    ----
   CONSTANT SIZE    =   ----    ----
   XDATA SIZE       =   ----    ----
   PDATA SIZE       =   ----    ----
   DATA SIZE        =     10    ----
   IDATA SIZE       =   ----    ----
   BIT SIZE         =   ----    ----
END OF MODULE INFORMATION.


C51 COMPILATION COMPLETE.  0 WARNING(S),  0 ERROR(S)
